<?xml version="1.0" encoding="UTF-8"?>
<testng-results ignored="0" total="1" passed="0" failed="1" skipped="0">
  <reporter-output>
  </reporter-output>
  <suite started-at="2022-09-04T22:27:26 WIB" name="Default suite" finished-at="2022-09-04T22:28:25 WIB" duration-ms="58850">
    <groups>
      <group name="cucumber">
        <method signature="AbstractTestNGCucumberTests.runScenario(io.cucumber.testng.PickleWrapper,io.cucumber.testng.FeatureWrapper)[pri:0, instance:com.insignia.test.TestRunner@77847718]" name="runScenario" class="io.cucumber.testng.AbstractTestNGCucumberTests"/>
      </group> <!-- cucumber -->
    </groups>
    <test started-at="2022-09-04T22:27:26 WIB" name="Default test" finished-at="2022-09-04T22:28:25 WIB" duration-ms="58850">
      <class name="com.insignia.test.TestRunner">
        <test-method is-config="true" signature="setUpClass(org.testng.ITestContext)[pri:0, instance:com.insignia.test.TestRunner@77847718]" started-at="2022-09-04T22:27:26 WIB" name="setUpClass" finished-at="2022-09-04T22:27:27 WIB" duration-ms="386" status="PASS">
          <params>
            <param index="0">
              <value>
                <![CDATA[org.testng.TestRunner@5a37d3ed]]>
              </value>
            </param>
          </params>
          <reporter-output>
          </reporter-output>
        </test-method> <!-- setUpClass -->
        <test-method signature="runScenario(io.cucumber.testng.PickleWrapper,io.cucumber.testng.FeatureWrapper)[pri:0, instance:com.insignia.test.TestRunner@77847718]" started-at="2022-09-04T22:27:27 WIB" name="runScenario" description="Runs Cucumber Scenarios" data-provider="scenarios" finished-at="2022-09-04T22:28:25 WIB" duration-ms="58386" status="FAIL">
          <params>
            <param index="0">
              <value>
                <![CDATA["Login as a authenticated user"]]>
              </value>
            </param>
            <param index="1">
              <value>
                <![CDATA["Optional[Login Feature]"]]>
              </value>
            </param>
          </params>
          <exception class="java.lang.AssertionError">
            <message>
              <![CDATA[expected [Welcome to your account. Here you can manage all of your personal information and orders.] but found [Welcome to your account. Here you can manage all   of your personal information and orders.]]]>
            </message>
            <full-stacktrace>
              <![CDATA[java.lang.AssertionError: expected [Welcome to your account. Here you can manage all of your personal information and orders.] but found [Welcome to your account. Here you can manage all   of your personal information and orders.]
at org.testng.Assert.fail(Assert.java:99)
at org.testng.Assert.failNotEquals(Assert.java:1037)
at org.testng.Assert.assertEqualsImpl(Assert.java:140)
at org.testng.Assert.assertEquals(Assert.java:122)
at org.testng.Assert.assertEquals(Assert.java:629)
at org.testng.Assert.assertEquals(Assert.java:639)
at com.insignia.test.seleniumgluecodes.Test.success_message_is_displayed(Test.java:39)
at âœ½.success message is displayed(file:///C:/Users/Lenovo/eclipse-workspace/com.insignia.test/src/main/resources/features/ValidLogin.feature:8)
]]>
            </full-stacktrace>
          </exception> <!-- java.lang.AssertionError -->
          <reporter-output>
          </reporter-output>
        </test-method> <!-- runScenario -->
        <test-method is-config="true" signature="tearDownClass()[pri:0, instance:com.insignia.test.TestRunner@77847718]" started-at="2022-09-04T22:28:25 WIB" name="tearDownClass" finished-at="2022-09-04T22:28:25 WIB" duration-ms="20" status="PASS">
          <reporter-output>
          </reporter-output>
        </test-method> <!-- tearDownClass -->
      </class> <!-- com.insignia.test.TestRunner -->
    </test> <!-- Default test -->
  </suite> <!-- Default suite -->
</testng-results>
